#
# A fatal error has been detected by the Java Runtime Environment:
#
#  EXCEPTION_ACCESS_VIOLATION (0xc0000005) at pc=0x00007ffe0f4f7bfb, pid=34800, tid=24944
#
# JRE version: Java(TM) SE Runtime Environment (13.0.2+8) (build 13.0.2+8)
# Java VM: Java HotSpot(TM) 64-Bit Server VM (13.0.2+8, mixed mode, sharing, tiered, compressed oops, g1 gc, windows-amd64)
# Problematic frame:
# V  [jvm.dll+0x6a7bfb]
#
# No core dump will be written. Minidumps are not enabled by default on client versions of Windows
#
# If you would like to submit a bug report, please visit:
#   http://bugreport.java.com/bugreport/crash.jsp
#

---------------  S U M M A R Y ------------

Command Line: -agentlib:jdwp=transport=dt_socket,suspend=y,address=localhost:65176 -ea -javaagent:C:\Users\p.franzini\eclipse\java-2020-03\eclipse\configuration\org.eclipse.osgi\223\0\.cp\lib\javaagent-shaded.jar -Dfile.encoding=Cp1252 org.eclipse.jdt.internal.junit.runner.RemoteTestRunner -version 3 -port 65175 -testLoaderClass org.eclipse.jdt.internal.junit4.runner.JUnit4TestLoader -loaderpluginname org.eclipse.jdt.junit4.runtime -test test.TestVisitor:testTypeCheckingConvert

Host: Intel(R) Core(TM) i7-9750H CPU @ 2.60GHz, 12 cores, 15G,  Windows 10 , 64 bit Build 18362 (10.0.18362.778)
Time: Wed May  6 00:18:56 2020 ora legale Europa occidentale elapsed time: 1644 seconds (0d 0h 27m 24s)

---------------  T H R E A D  ---------------

Current thread (0x000001d6fa8b6800):  JavaThread "JDWP Transport Listener: dt_socket" daemon [_thread_in_vm, id=24944, stack(0x0000009b3eb00000,0x0000009b3ec00000)] _threads_hazard_ptr=0x000001d6fb0a3f20

Stack: [0x0000009b3eb00000,0x0000009b3ec00000],  sp=0x0000009b3ebfe560,  free space=1017k
Native frames: (J=compiled Java code, j=interpreted, Vv=VM code, C=native code)
V  [jvm.dll+0x6a7bfb]
V  [jvm.dll+0x32fd73]
V  [jvm.dll+0x331abd]
V  [jvm.dll+0x33235e]
V  [jvm.dll+0x32fbcc]
V  [jvm.dll+0x32ee02]
V  [jvm.dll+0x6141e5]
V  [jvm.dll+0x613f6d]
V  [jvm.dll+0x5ddb03]
V  [jvm.dll+0x76840f]
V  [jvm.dll+0x4f6476]
V  [jvm.dll+0x7776dd]
V  [jvm.dll+0x4dc54e]
V  [jvm.dll+0x4a0d60]
C  [jdwp.dll+0x751f]


siginfo: EXCEPTION_ACCESS_VIOLATION (0xc0000005), reading address 0x0000000000000006


Register to memory mapping:

RIP=0x00007ffe0f4f7bfb jvm.dll
RAX=0x0000009b3ebfe5f0 is pointing into the stack for thread: 0x000001d6fa8b6800
RBX=0x0000009b3ebfe5c0 is pointing into the stack for thread: 0x000001d6fa8b6800
RCX=0x0 is NULL
RDX=0x0 is NULL
RSP=0x0000009b3ebfe560 is pointing into the stack for thread: 0x000001d6fa8b6800
RBP=0x0000009b3ebfeb00 is pointing into the stack for thread: 0x000001d6fa8b6800
RSI=0x0 is NULL
RDI=0x0 is NULL
R8 =0x0 is NULL
R9 =0x000001d6fa236a88 is pointing into metadata
R10=0x00007ffe0ee50000 jvm.dll
R11=0x000001d6fa9b6630 points into unknown readable memory: 00 00 00 47 01 00 00 47
R12=0x000001d6fa9b65e0 points into unknown readable memory: 00 22 a5 12 71 00 00 00
R13=0x00000000000000a0 is an unknown value
R14=0x000001d6fa23768b is pointing into metadata
R15=0x000000000000007b is an unknown value


Registers:
RAX=0x0000009b3ebfe5f0, RBX=0x0000009b3ebfe5c0, RCX=0x0000000000000000, RDX=0x0000000000000000
RSP=0x0000009b3ebfe560, RBP=0x0000009b3ebfeb00, RSI=0x0000000000000000, RDI=0x0000000000000000
R8 =0x0000000000000000, R9 =0x000001d6fa236a88, R10=0x00007ffe0ee50000, R11=0x000001d6fa9b6630
R12=0x000001d6fa9b65e0, R13=0x00000000000000a0, R14=0x000001d6fa23768b, R15=0x000000000000007b
RIP=0x00007ffe0f4f7bfb, EFLAGS=0x0000000000010246

Top of Stack: (sp=0x0000009b3ebfe560)
0x0000009b3ebfe560:   0000009b3ebfe5c0 0000000000000000
0x0000009b3ebfe570:   0000000000000000 0000000000000000
0x0000009b3ebfe580:   0000000000000000 00007ffe0f17fd73
0x0000009b3ebfe590:   0000000000000000 0000009b3ebfec70
0x0000009b3ebfe5a0:   0000000000000000 0000000000000000
0x0000009b3ebfe5b0:   0000000000000000 0000000000000000
0x0000009b3ebfe5c0:   00007ffe0f6cffa0 0000000000000000
0x0000009b3ebfe5d0:   0000000000000000 000000000000000c
0x0000009b3ebfe5e0:   0000009b3ebfe5f0 0000000000000000
0x0000009b3ebfe5f0:   0000000046000044 0000000000000000
0x0000009b3ebfe600:   4fffffff4fffffff 0000000000000000
0x0000009b3ebfe610:   0000000000000000 0000000000000000
0x0000009b3ebfe620:   0000000000000000 0000000000000000
0x0000009b3ebfe630:   0000000000000000 0000000000000000
0x0000009b3ebfe640:   0000000000000000 00007ffe0f4f815b
0x0000009b3ebfe650:   0000000000000000 0000000000000000 

Instructions: (pc=0x00007ffe0f4f7bfb)
0x00007ffe0f4f7afb:   48 8b cb ff 50 30 ff 43 14 48 c1 ef 04 eb 86 48
0x00007ffe0f4f7b0b:   8b 03 45 33 c0 33 d2 48 8b cb ff 50 48 ff 43 14
0x00007ffe0f4f7b1b:   48 c1 ef 04 e9 6c ff ff ff 48 8b 03 48 8b cb ff
0x00007ffe0f4f7b2b:   50 38 83 43 14 02 48 c1 ef 04 e9 56 ff ff ff 48
0x00007ffe0f4f7b3b:   8b 03 48 8b cb ff 50 10 ff 43 14 48 c1 ef 04 e9
0x00007ffe0f4f7b4b:   41 ff ff ff 48 8b 03 48 8b cb ff 50 18 83 43 14
0x00007ffe0f4f7b5b:   02 48 c1 ef 04 e9 2b ff ff ff 48 8b 0d 24 ac 3e
0x00007ffe0f4f7b6b:   00 48 8d 15 dd 8a 22 00 e8 68 f4 f7 ff 48 8b 0d
0x00007ffe0f4f7b7b:   11 ac 3e 00 48 8d 15 e2 8a 22 00 4c 8b c6 e8 52
0x00007ffe0f4f7b8b:   f4 f7 ff ba c2 00 00 00 48 8d 0d 56 8a 22 00 e8
0x00007ffe0f4f7b9b:   31 42 ba ff e8 4c cf f7 ff 48 c1 ef 04 e9 e3 fe
0x00007ffe0f4f7bab:   ff ff 0f 1f 00 b1 7a 6a 00 c2 7a 6a 00 d4 7a 6a
0x00007ffe0f4f7bbb:   00 e6 7a 6a 00 f8 7a 6a 00 24 7b 6a 00 3a 7b 6a
0x00007ffe0f4f7bcb:   00 4f 7b 6a 00 0a 7b 6a 00 68 7a 6a 00 cc cc cc
0x00007ffe0f4f7bdb:   cc cc cc cc cc 40 53 48 83 ec 20 c7 41 10 00 00
0x00007ffe0f4f7beb:   00 00 48 8b d9 48 89 7c 24 38 48 8b 79 08 33 c9
0x00007ffe0f4f7bfb:   80 7f 06 28 74 26 44 8d 49 28 8d 51 36 48 8d 0d
0x00007ffe0f4f7c0b:   e1 89 22 00 4c 8d 05 ca 89 22 00 e8 35 40 ba ff
0x00007ffe0f4f7c1b:   e8 d0 ce f7 ff 8b 4b 10 48 8b 7b 08 8d 41 01 48
0x00007ffe0f4f7c2b:   63 c9 89 43 10 80 7c 39 07 29 0f 84 d3 00 00 00
0x00007ffe0f4f7c3b:   48 89 74 24 30 44 8b c0 48 8d 35 b6 83 95 ff 66
0x00007ffe0f4f7c4b:   0f 1f 44 00 00 49 63 c8 0f be 54 39 06 83 c2 be
0x00007ffe0f4f7c5b:   83 fa 19 77 7b 48 63 ca 0f b6 8c 0e bc 7d 6a 00
0x00007ffe0f4f7c6b:   8b 94 8e ac 7d 6a 00 48 03 d6 ff e2 41 8d 40 01
0x00007ffe0f4f7c7b:   89 43 10 eb 74 48 63 c8 ff c0 89 43 10 44 8b c0
0x00007ffe0f4f7c8b:   80 7c 39 06 3b 75 ee eb 63 0f 1f 40 00 0f 1f 84
0x00007ffe0f4f7c9b:   00 00 00 00 00 ff c0 48 63 c8 89 43 10 0f b6 54
0x00007ffe0f4f7cab:   39 06 80 fa 5b 74 ee 80 fa 4c 75 1d 66 0f 1f 84
0x00007ffe0f4f7cbb:   00 00 00 00 00 48 63 c8 ff c0 89 43 10 44 8b c0
0x00007ffe0f4f7ccb:   80 7c 39 06 3b 75 ee eb 23 ff c0 89 43 10 eb 19
0x00007ffe0f4f7cdb:   ba f1 00 00 00 48 8d 0d 09 89 22 00 e8 e4 40 ba
0x00007ffe0f4f7ceb:   ff e8 ff cd f7 ff 8b 43 10 44 8b c0 49 63 c8 80 


Stack slot to memory mapping:
stack at sp + 0 slots: 0x0000009b3ebfe5c0 is pointing into the stack for thread: 0x000001d6fa8b6800
stack at sp + 1 slots: 0x0 is NULL
stack at sp + 2 slots: 0x0 is NULL
stack at sp + 3 slots: 0x0 is NULL
stack at sp + 4 slots: 0x0 is NULL
stack at sp + 5 slots: 0x00007ffe0f17fd73 jvm.dll
stack at sp + 6 slots: 0x0 is NULL
stack at sp + 7 slots: 0x0000009b3ebfec70 is pointing into the stack for thread: 0x000001d6fa8b6800


---------------  P R O C E S S  ---------------

Threads class SMR info:
_java_thread_list=0x000001d6fb0a3f20, length=14, elements={
0x000001d6d405e800, 0x000001d6fa663800, 0x000001d6fa666800, 0x000001d6fa680800,
0x000001d6fa681800, 0x000001d6fa686800, 0x000001d6fa687000, 0x000001d6fa68e000,
0x000001d6fa7af000, 0x000001d6fa8b6800, 0x000001d6fa91a800, 0x000001d6fa927800,
0x000001d6fa9a8800, 0x000001d6fa7da800
}

Java Threads: ( => current thread )
  0x000001d6d405e800 JavaThread "main" [_thread_blocked, id=38268, stack(0x0000009b3db00000,0x0000009b3dc00000)]
  0x000001d6fa663800 JavaThread "Reference Handler" daemon [_thread_blocked, id=30992, stack(0x0000009b3e200000,0x0000009b3e300000)]
  0x000001d6fa666800 JavaThread "Finalizer" daemon [_thread_blocked, id=6064, stack(0x0000009b3e300000,0x0000009b3e400000)]
  0x000001d6fa680800 JavaThread "Signal Dispatcher" daemon [_thread_blocked, id=37784, stack(0x0000009b3e400000,0x0000009b3e500000)]
  0x000001d6fa681800 JavaThread "Attach Listener" daemon [_thread_blocked, id=25736, stack(0x0000009b3e500000,0x0000009b3e600000)]
  0x000001d6fa686800 JavaThread "C2 CompilerThread0" daemon [_thread_blocked, id=2332, stack(0x0000009b3e600000,0x0000009b3e700000)]
  0x000001d6fa687000 JavaThread "C1 CompilerThread0" daemon [_thread_blocked, id=41652, stack(0x0000009b3e700000,0x0000009b3e800000)]
  0x000001d6fa68e000 JavaThread "Sweeper thread" daemon [_thread_blocked, id=41400, stack(0x0000009b3e800000,0x0000009b3e900000)]
  0x000001d6fa7af000 JavaThread "Common-Cleaner" daemon [_thread_blocked, id=3004, stack(0x0000009b3e900000,0x0000009b3ea00000)]
=>0x000001d6fa8b6800 JavaThread "JDWP Transport Listener: dt_socket" daemon [_thread_in_vm, id=24944, stack(0x0000009b3eb00000,0x0000009b3ec00000)]
  0x000001d6fa91a800 JavaThread "JDWP Event Helper Thread" daemon [_thread_blocked, id=33156, stack(0x0000009b3ec00000,0x0000009b3ed00000)]
  0x000001d6fa927800 JavaThread "JDWP Command Reader" daemon [_thread_in_native, id=18556, stack(0x0000009b3ed00000,0x0000009b3ee00000)]
  0x000001d6fa9a8800 JavaThread "Service Thread" daemon [_thread_blocked, id=18524, stack(0x0000009b3ee00000,0x0000009b3ef00000)]
  0x000001d6fa7da800 JavaThread "ReaderThread" [_thread_in_native, id=37252, stack(0x0000009b3ea00000,0x0000009b3eb00000)]

Other Threads:
  0x000001d6fa663000 VMThread "VM Thread" [stack: 0x0000009b3e100000,0x0000009b3e200000] [id=27908]
  0x000001d6fa970000 WatcherThread [stack: 0x0000009b3ef00000,0x0000009b3f000000] [id=37928]
  0x000001d6d40ca000 GCTaskThread "GC Thread#0" [stack: 0x0000009b3dc00000,0x0000009b3dd00000] [id=19184]
  0x000001d6d40ec800 ConcurrentGCThread "G1 Main Marker" [stack: 0x0000009b3dd00000,0x0000009b3de00000] [id=40556]
  0x000001d6d40ee000 ConcurrentGCThread "G1 Conc#0" [stack: 0x0000009b3de00000,0x0000009b3df00000] [id=38500]
  0x000001d6f9453800 ConcurrentGCThread "G1 Refine#0" [stack: 0x0000009b3df00000,0x0000009b3e000000] [id=29856]
  0x000001d6f9455800 ConcurrentGCThread "G1 Young RemSet Sampling" [stack: 0x0000009b3e000000,0x0000009b3e100000] [id=23332]

Threads with active compile tasks:

VM state:not at safepoint (normal execution)

VM Mutex/Monitor currently owned by a thread: None

Heap address: 0x0000000702e00000, size: 4050 MB, Compressed Oops mode: Zero based, Oop shift amount: 3
Narrow klass base: 0x0000000800000000, Narrow klass shift: 3
Compressed class space size: 1073741824 Address: 0x0000000800b40000

Heap:
 garbage-first heap   total 260096K, used 15360K [0x0000000702e00000, 0x0000000800000000)
  region size 1024K, 17 young (17408K), 0 survivors (0K)
 Metaspace       used 4781K, capacity 5820K, committed 6016K, reserved 1056768K
  class space    used 491K, capacity 574K, committed 640K, reserved 1048576K
Heap Regions: E=young(eden), S=young(survivor), O=old, HS=humongous(starts), HC=humongous(continues), CS=collection set, F=free, A=archive, TAMS=top-at-mark-start (previous, next)
|   0|0x0000000702e00000, 0x0000000702e00000, 0x0000000702f00000|  0%| F|  |TAMS 0x0000000702e00000, 0x0000000702e00000| Untracked 
|   1|0x0000000702f00000, 0x0000000702f00000, 0x0000000703000000|  0%| F|  |TAMS 0x0000000702f00000, 0x0000000702f00000| Untracked 
|   2|0x0000000703000000, 0x0000000703000000, 0x0000000703100000|  0%| F|  |TAMS 0x0000000703000000, 0x0000000703000000| Untracked 
|   3|0x0000000703100000, 0x0000000703100000, 0x0000000703200000|  0%| F|  |TAMS 0x0000000703100000, 0x0000000703100000| Untracked 
|   4|0x0000000703200000, 0x0000000703200000, 0x0000000703300000|  0%| F|  |TAMS 0x0000000703200000, 0x0000000703200000| Untracked 
|   5|0x0000000703300000, 0x0000000703300000, 0x0000000703400000|  0%| F|  |TAMS 0x0000000703300000, 0x0000000703300000| Untracked 
|   6|0x0000000703400000, 0x0000000703400000, 0x0000000703500000|  0%| F|  |TAMS 0x0000000703400000, 0x0000000703400000| Untracked 
|   7|0x0000000703500000, 0x0000000703500000, 0x0000000703600000|  0%| F|  |TAMS 0x0000000703500000, 0x0000000703500000| Untracked 
|   8|0x0000000703600000, 0x0000000703600000, 0x0000000703700000|  0%| F|  |TAMS 0x0000000703600000, 0x0000000703600000| Untracked 
|   9|0x0000000703700000, 0x0000000703700000, 0x0000000703800000|  0%| F|  |TAMS 0x0000000703700000, 0x0000000703700000| Untracked 
|  10|0x0000000703800000, 0x0000000703800000, 0x0000000703900000|  0%| F|  |TAMS 0x0000000703800000, 0x0000000703800000| Untracked 
|  11|0x0000000703900000, 0x0000000703900000, 0x0000000703a00000|  0%| F|  |TAMS 0x0000000703900000, 0x0000000703900000| Untracked 
|  12|0x0000000703a00000, 0x0000000703a00000, 0x0000000703b00000|  0%| F|  |TAMS 0x0000000703a00000, 0x0000000703a00000| Untracked 
|  13|0x0000000703b00000, 0x0000000703b00000, 0x0000000703c00000|  0%| F|  |TAMS 0x0000000703b00000, 0x0000000703b00000| Untracked 
|  14|0x0000000703c00000, 0x0000000703c00000, 0x0000000703d00000|  0%| F|  |TAMS 0x0000000703c00000, 0x0000000703c00000| Untracked 
|  15|0x0000000703d00000, 0x0000000703d00000, 0x0000000703e00000|  0%| F|  |TAMS 0x0000000703d00000, 0x0000000703d00000| Untracked 
|  16|0x0000000703e00000, 0x0000000703e00000, 0x0000000703f00000|  0%| F|  |TAMS 0x0000000703e00000, 0x0000000703e00000| Untracked 
|  17|0x0000000703f00000, 0x0000000703f00000, 0x0000000704000000|  0%| F|  |TAMS 0x0000000703f00000, 0x0000000703f00000| Untracked 
|  18|0x0000000704000000, 0x0000000704000000, 0x0000000704100000|  0%| F|  |TAMS 0x0000000704000000, 0x0000000704000000| Untracked 
|  19|0x0000000704100000, 0x0000000704100000, 0x0000000704200000|  0%| F|  |TAMS 0x0000000704100000, 0x0000000704100000| Untracked 
|  20|0x0000000704200000, 0x0000000704200000, 0x0000000704300000|  0%| F|  |TAMS 0x0000000704200000, 0x0000000704200000| Untracked 
|  21|0x0000000704300000, 0x0000000704300000, 0x0000000704400000|  0%| F|  |TAMS 0x0000000704300000, 0x0000000704300000| Untracked 
|  22|0x0000000704400000, 0x0000000704400000, 0x0000000704500000|  0%| F|  |TAMS 0x0000000704400000, 0x0000000704400000| Untracked 
|  23|0x0000000704500000, 0x0000000704500000, 0x0000000704600000|  0%| F|  |TAMS 0x0000000704500000, 0x0000000704500000| Untracked 
|  24|0x0000000704600000, 0x0000000704600000, 0x0000000704700000|  0%| F|  |TAMS 0x0000000704600000, 0x0000000704600000| Untracked 
|  25|0x0000000704700000, 0x0000000704700000, 0x0000000704800000|  0%| F|  |TAMS 0x0000000704700000, 0x0000000704700000| Untracked 
|  26|0x0000000704800000, 0x0000000704800000, 0x0000000704900000|  0%| F|  |TAMS 0x0000000704800000, 0x0000000704800000| Untracked 
|  27|0x0000000704900000, 0x0000000704900000, 0x0000000704a00000|  0%| F|  |TAMS 0x0000000704900000, 0x0000000704900000| Untracked 
|  28|0x0000000704a00000, 0x0000000704a00000, 0x0000000704b00000|  0%| F|  |TAMS 0x0000000704a00000, 0x0000000704a00000| Untracked 
|  29|0x0000000704b00000, 0x0000000704b00000, 0x0000000704c00000|  0%| F|  |TAMS 0x0000000704b00000, 0x0000000704b00000| Untracked 
|  30|0x0000000704c00000, 0x0000000704c00000, 0x0000000704d00000|  0%| F|  |TAMS 0x0000000704c00000, 0x0000000704c00000| Untracked 
|  31|0x0000000704d00000, 0x0000000704d00000, 0x0000000704e00000|  0%| F|  |TAMS 0x0000000704d00000, 0x0000000704d00000| Untracked 
|  32|0x0000000704e00000, 0x0000000704e00000, 0x0000000704f00000|  0%| F|  |TAMS 0x0000000704e00000, 0x0000000704e00000| Untracked 
|  33|0x0000000704f00000, 0x0000000704f00000, 0x0000000705000000|  0%| F|  |TAMS 0x0000000704f00000, 0x0000000704f00000| Untracked 
|  34|0x0000000705000000, 0x0000000705000000, 0x0000000705100000|  0%| F|  |TAMS 0x0000000705000000, 0x0000000705000000| Untracked 
|  35|0x0000000705100000, 0x0000000705100000, 0x0000000705200000|  0%| F|  |TAMS 0x0000000705100000, 0x0000000705100000| Untracked 
|  36|0x0000000705200000, 0x0000000705200000, 0x0000000705300000|  0%| F|  |TAMS 0x0000000705200000, 0x0000000705200000| Untracked 
|  37|0x0000000705300000, 0x0000000705300000, 0x0000000705400000|  0%| F|  |TAMS 0x0000000705300000, 0x0000000705300000| Untracked 
|  38|0x0000000705400000, 0x0000000705400000, 0x0000000705500000|  0%| F|  |TAMS 0x0000000705400000, 0x0000000705400000| Untracked 
|  39|0x0000000705500000, 0x0000000705500000, 0x0000000705600000|  0%| F|  |TAMS 0x0000000705500000, 0x0000000705500000| Untracked 
|  40|0x0000000705600000, 0x0000000705600000, 0x0000000705700000|  0%| F|  |TAMS 0x0000000705600000, 0x0000000705600000| Untracked 
|  41|0x0000000705700000, 0x0000000705700000, 0x0000000705800000|  0%| F|  |TAMS 0x0000000705700000, 0x0000000705700000| Untracked 
|  42|0x0000000705800000, 0x0000000705800000, 0x0000000705900000|  0%| F|  |TAMS 0x0000000705800000, 0x0000000705800000| Untracked 
|  43|0x0000000705900000, 0x0000000705900000, 0x0000000705a00000|  0%| F|  |TAMS 0x0000000705900000, 0x0000000705900000| Untracked 
|  44|0x0000000705a00000, 0x0000000705a00000, 0x0000000705b00000|  0%| F|  |TAMS 0x0000000705a00000, 0x0000000705a00000| Untracked 
|  45|0x0000000705b00000, 0x0000000705b00000, 0x0000000705c00000|  0%| F|  |TAMS 0x0000000705b00000, 0x0000000705b00000| Untracked 
|  46|0x0000000705c00000, 0x0000000705c00000, 0x0000000705d00000|  0%| F|  |TAMS 0x0000000705c00000, 0x0000000705c00000| Untracked 
|  47|0x0000000705d00000, 0x0000000705d00000, 0x0000000705e00000|  0%| F|  |TAMS 0x0000000705d00000, 0x0000000705d00000| Untracked 
|  48|0x0000000705e00000, 0x0000000705e00000, 0x0000000705f00000|  0%| F|  |TAMS 0x0000000705e00000, 0x0000000705e00000| Untracked 
|  49|0x0000000705f00000, 0x0000000705f00000, 0x0000000706000000|  0%| F|  |TAMS 0x0000000705f00000, 0x0000000705f00000| Untracked 
|  50|0x0000000706000000, 0x0000000706000000, 0x0000000706100000|  0%| F|  |TAMS 0x0000000706000000, 0x0000000706000000| Untracked 
|  51|0x0000000706100000, 0x0000000706100000, 0x0000000706200000|  0%| F|  |TAMS 0x0000000706100000, 0x0000000706100000| Untracked 
|  52|0x0000000706200000, 0x0000000706200000, 0x0000000706300000|  0%| F|  |TAMS 0x0000000706200000, 0x0000000706200000| Untracked 
|  53|0x0000000706300000, 0x0000000706300000, 0x0000000706400000|  0%| F|  |TAMS 0x0000000706300000, 0x0000000706300000| Untracked 
|  54|0x0000000706400000, 0x0000000706400000, 0x0000000706500000|  0%| F|  |TAMS 0x0000000706400000, 0x0000000706400000| Untracked 
|  55|0x0000000706500000, 0x0000000706500000, 0x0000000706600000|  0%| F|  |TAMS 0x0000000706500000, 0x0000000706500000| Untracked 
|  56|0x0000000706600000, 0x0000000706600000, 0x0000000706700000|  0%| F|  |TAMS 0x0000000706600000, 0x0000000706600000| Untracked 
|  57|0x0000000706700000, 0x0000000706700000, 0x0000000706800000|  0%| F|  |TAMS 0x0000000706700000, 0x0000000706700000| Untracked 
|  58|0x0000000706800000, 0x0000000706800000, 0x0000000706900000|  0%| F|  |TAMS 0x0000000706800000, 0x0000000706800000| Untracked 
|  59|0x0000000706900000, 0x0000000706900000, 0x0000000706a00000|  0%| F|  |TAMS 0x0000000706900000, 0x0000000706900000| Untracked 
|  60|0x0000000706a00000, 0x0000000706a00000, 0x0000000706b00000|  0%| F|  |TAMS 0x0000000706a00000, 0x0000000706a00000| Untracked 
|  61|0x0000000706b00000, 0x0000000706b00000, 0x0000000706c00000|  0%| F|  |TAMS 0x0000000706b00000, 0x0000000706b00000| Untracked 
|  62|0x0000000706c00000, 0x0000000706c00000, 0x0000000706d00000|  0%| F|  |TAMS 0x0000000706c00000, 0x0000000706c00000| Untracked 
|  63|0x0000000706d00000, 0x0000000706d00000, 0x0000000706e00000|  0%| F|  |TAMS 0x0000000706d00000, 0x0000000706d00000| Untracked 
|  64|0x0000000706e00000, 0x0000000706e00000, 0x0000000706f00000|  0%| F|  |TAMS 0x0000000706e00000, 0x0000000706e00000| Untracked 
|  65|0x0000000706f00000, 0x0000000706f00000, 0x0000000707000000|  0%| F|  |TAMS 0x0000000706f00000, 0x0000000706f00000| Untracked 
|  66|0x0000000707000000, 0x0000000707000000, 0x0000000707100000|  0%| F|  |TAMS 0x0000000707000000, 0x0000000707000000| Untracked 
|  67|0x0000000707100000, 0x0000000707100000, 0x0000000707200000|  0%| F|  |TAMS 0x0000000707100000, 0x0000000707100000| Untracked 
|  68|0x0000000707200000, 0x0000000707200000, 0x0000000707300000|  0%| F|  |TAMS 0x0000000707200000, 0x0000000707200000| Untracked 
|  69|0x0000000707300000, 0x0000000707300000, 0x0000000707400000|  0%| F|  |TAMS 0x0000000707300000, 0x0000000707300000| Untracked 
|  70|0x0000000707400000, 0x0000000707400000, 0x0000000707500000|  0%| F|  |TAMS 0x0000000707400000, 0x0000000707400000| Untracked 
|  71|0x0000000707500000, 0x0000000707500000, 0x0000000707600000|  0%| F|  |TAMS 0x0000000707500000, 0x0000000707500000| Untracked 
|  72|0x0000000707600000, 0x0000000707600000, 0x0000000707700000|  0%| F|  |TAMS 0x0000000707600000, 0x0000000707600000| Untracked 
|  73|0x0000000707700000, 0x0000000707700000, 0x0000000707800000|  0%| F|  |TAMS 0x0000000707700000, 0x0000000707700000| Untracked 
|  74|0x0000000707800000, 0x0000000707800000, 0x0000000707900000|  0%| F|  |TAMS 0x0000000707800000, 0x0000000707800000| Untracked 
|  75|0x0000000707900000, 0x0000000707900000, 0x0000000707a00000|  0%| F|  |TAMS 0x0000000707900000, 0x0000000707900000| Untracked 
|  76|0x0000000707a00000, 0x0000000707a00000, 0x0000000707b00000|  0%| F|  |TAMS 0x0000000707a00000, 0x0000000707a00000| Untracked 
|  77|0x0000000707b00000, 0x0000000707b00000, 0x0000000707c00000|  0%| F|  |TAMS 0x0000000707b00000, 0x0000000707b00000| Untracked 
|  78|0x0000000707c00000, 0x0000000707c00000, 0x0000000707d00000|  0%| F|  |TAMS 0x0000000707c00000, 0x0000000707c00000| Untracked 
|  79|0x0000000707d00000, 0x0000000707d00000, 0x0000000707e00000|  0%| F|  |TAMS 0x0000000707d00000, 0x0000000707d00000| Untracked 
|  80|0x0000000707e00000, 0x0000000707e00000, 0x0000000707f00000|  0%| F|  |TAMS 0x0000000707e00000, 0x0000000707e00000| Untracked 
|  81|0x0000000707f00000, 0x0000000707f00000, 0x0000000708000000|  0%| F|  |TAMS 0x0000000707f00000, 0x0000000707f00000| Untracked 
|  82|0x0000000708000000, 0x0000000708000000, 0x0000000708100000|  0%| F|  |TAMS 0x0000000708000000, 0x0000000708000000| Untracked 
|  83|0x0000000708100000, 0x0000000708100000, 0x0000000708200000|  0%| F|  |TAMS 0x0000000708100000, 0x0000000708100000| Untracked 
|  84|0x0000000708200000, 0x0000000708200000, 0x0000000708300000|  0%| F|  |TAMS 0x0000000708200000, 0x0000000708200000| Untracked 
|  85|0x0000000708300000, 0x0000000708300000, 0x0000000708400000|  0%| F|  |TAMS 0x0000000708300000, 0x0000000708300000| Untracked 
|  86|0x0000000708400000, 0x0000000708400000, 0x0000000708500000|  0%| F|  |TAMS 0x0000000708400000, 0x0000000708400000| Untracked 
|  87|0x0000000708500000, 0x0000000708500000, 0x0000000708600000|  0%| F|  |TAMS 0x0000000708500000, 0x0000000708500000| Untracked 
|  88|0x0000000708600000, 0x0000000708600000, 0x0000000708700000|  0%| F|  |TAMS 0x0000000708600000, 0x0000000708600000| Untracked 
|  89|0x0000000708700000, 0x0000000708700000, 0x0000000708800000|  0%| F|  |TAMS 0x0000000708700000, 0x0000000708700000| Untracked 
|  90|0x0000000708800000, 0x0000000708800000, 0x0000000708900000|  0%| F|  |TAMS 0x0000000708800000, 0x0000000708800000| Untracked 
|  91|0x0000000708900000, 0x0000000708900000, 0x0000000708a00000|  0%| F|  |TAMS 0x0000000708900000, 0x0000000708900000| Untracked 
|  92|0x0000000708a00000, 0x0000000708a00000, 0x0000000708b00000|  0%| F|  |TAMS 0x0000000708a00000, 0x0000000708a00000| Untracked 
|  93|0x0000000708b00000, 0x0000000708b00000, 0x0000000708c00000|  0%| F|  |TAMS 0x0000000708b00000, 0x0000000708b00000| Untracked 
|  94|0x0000000708c00000, 0x0000000708c00000, 0x0000000708d00000|  0%| F|  |TAMS 0x0000000708c00000, 0x0000000708c00000| Untracked 
|  95|0x0000000708d00000, 0x0000000708d00000, 0x0000000708e00000|  0%| F|  |TAMS 0x0000000708d00000, 0x0000000708d00000| Untracked 
|  96|0x0000000708e00000, 0x0000000708e00000, 0x0000000708f00000|  0%| F|  |TAMS 0x0000000708e00000, 0x0000000708e00000| Untracked 
|  97|0x0000000708f00000, 0x0000000708f00000, 0x0000000709000000|  0%| F|  |TAMS 0x0000000708f00000, 0x0000000708f00000| Untracked 
|  98|0x0000000709000000, 0x0000000709000000, 0x0000000709100000|  0%| F|  |TAMS 0x0000000709000000, 0x0000000709000000| Untracked 
|  99|0x0000000709100000, 0x0000000709100000, 0x0000000709200000|  0%| F|  |TAMS 0x0000000709100000, 0x0000000709100000| Untracked 
| 100|0x0000000709200000, 0x0000000709200000, 0x0000000709300000|  0%| F|  |TAMS 0x0000000709200000, 0x0000000709200000| Untracked 
| 101|0x0000000709300000, 0x0000000709300000, 0x0000000709400000|  0%| F|  |TAMS 0x0000000709300000, 0x0000000709300000| Untracked 
| 102|0x0000000709400000, 0x0000000709400000, 0x0000000709500000|  0%| F|  |TAMS 0x0000000709400000, 0x0000000709400000| Untracked 
| 103|0x0000000709500000, 0x0000000709500000, 0x0000000709600000|  0%| F|  |TAMS 0x0000000709500000, 0x0000000709500000| Untracked 
| 104|0x0000000709600000, 0x0000000709600000, 0x0000000709700000|  0%| F|  |TAMS 0x0000000709600000, 0x0000000709600000| Untracked 
| 105|0x0000000709700000, 0x0000000709700000, 0x0000000709800000|  0%| F|  |TAMS 0x0000000709700000, 0x0000000709700000| Untracked 
| 106|0x0000000709800000, 0x0000000709800000, 0x0000000709900000|  0%| F|  |TAMS 0x0000000709800000, 0x0000000709800000| Untracked 
| 107|0x0000000709900000, 0x0000000709900000, 0x0000000709a00000|  0%| F|  |TAMS 0x0000000709900000, 0x0000000709900000| Untracked 
| 108|0x0000000709a00000, 0x0000000709a00000, 0x0000000709b00000|  0%| F|  |TAMS 0x0000000709a00000, 0x0000000709a00000| Untracked 
| 109|0x0000000709b00000, 0x0000000709b00000, 0x0000000709c00000|  0%| F|  |TAMS 0x0000000709b00000, 0x0000000709b00000| Untracked 
| 110|0x0000000709c00000, 0x0000000709c00000, 0x0000000709d00000|  0%| F|  |TAMS 0x0000000709c00000, 0x0000000709c00000| Untracked 
| 111|0x0000000709d00000, 0x0000000709d00000, 0x0000000709e00000|  0%| F|  |TAMS 0x0000000709d00000, 0x0000000709d00000| Untracked 
| 112|0x0000000709e00000, 0x0000000709e00000, 0x0000000709f00000|  0%| F|  |TAMS 0x0000000709e00000, 0x0000000709e00000| Untracked 
| 113|0x0000000709f00000, 0x0000000709f00000, 0x000000070a000000|  0%| F|  |TAMS 0x0000000709f00000, 0x0000000709f00000| Untracked 
| 114|0x000000070a000000, 0x000000070a000000, 0x000000070a100000|  0%| F|  |TAMS 0x000000070a000000, 0x000000070a000000| Untracked 
| 115|0x000000070a100000, 0x000000070a100000, 0x000000070a200000|  0%| F|  |TAMS 0x000000070a100000, 0x000000070a100000| Untracked 
| 116|0x000000070a200000, 0x000000070a200000, 0x000000070a300000|  0%| F|  |TAMS 0x000000070a200000, 0x000000070a200000| Untracked 
| 117|0x000000070a300000, 0x000000070a300000, 0x000000070a400000|  0%| F|  |TAMS 0x000000070a300000, 0x000000070a300000| Untracked 
| 118|0x000000070a400000, 0x000000070a400000, 0x000000070a500000|  0%| F|  |TAMS 0x000000070a400000, 0x000000070a400000| Untracked 
| 119|0x000000070a500000, 0x000000070a500000, 0x000000070a600000|  0%| F|  |TAMS 0x000000070a500000, 0x000000070a500000| Untracked 
| 120|0x000000070a600000, 0x000000070a600000, 0x000000070a700000|  0%| F|  |TAMS 0x000000070a600000, 0x000000070a600000| Untracked 
| 121|0x000000070a700000, 0x000000070a700000, 0x000000070a800000|  0%| F|  |TAMS 0x000000070a700000, 0x000000070a700000| Untracked 
| 122|0x000000070a800000, 0x000000070a800000, 0x000000070a900000|  0%| F|  |TAMS 0x000000070a800000, 0x000000070a800000| Untracked 
| 123|0x000000070a900000, 0x000000070a900000, 0x000000070aa00000|  0%| F|  |TAMS 0x000000070a900000, 0x000000070a900000| Untracked 
| 124|0x000000070aa00000, 0x000000070aa00000, 0x000000070ab00000|  0%| F|  |TAMS 0x000000070aa00000, 0x000000070aa00000| Untracked 
| 125|0x000000070ab00000, 0x000000070ab00000, 0x000000070ac00000|  0%| F|  |TAMS 0x000000070ab00000, 0x000000070ab00000| Untracked 
| 126|0x000000070ac00000, 0x000000070ac00000, 0x000000070ad00000|  0%| F|  |TAMS 0x000000070ac00000, 0x000000070ac00000| Untracked 
| 127|0x000000070ad00000, 0x000000070ad00000, 0x000000070ae00000|  0%| F|  |TAMS 0x000000070ad00000, 0x000000070ad00000| Untracked 
| 128|0x000000070ae00000, 0x000000070ae00000, 0x000000070af00000|  0%| F|  |TAMS 0x000000070ae00000, 0x000000070ae00000| Untracked 
| 129|0x000000070af00000, 0x000000070af00000, 0x000000070b000000|  0%| F|  |TAMS 0x000000070af00000, 0x000000070af00000| Untracked 
| 130|0x000000070b000000, 0x000000070b000000, 0x000000070b100000|  0%| F|  |TAMS 0x000000070b000000, 0x000000070b000000| Untracked 
| 131|0x000000070b100000, 0x000000070b100000, 0x000000070b200000|  0%| F|  |TAMS 0x000000070b100000, 0x000000070b100000| Untracked 
| 132|0x000000070b200000, 0x000000070b200000, 0x000000070b300000|  0%| F|  |TAMS 0x000000070b200000, 0x000000070b200000| Untracked 
| 133|0x000000070b300000, 0x000000070b300000, 0x000000070b400000|  0%| F|  |TAMS 0x000000070b300000, 0x000000070b300000| Untracked 
| 134|0x000000070b400000, 0x000000070b400000, 0x000000070b500000|  0%| F|  |TAMS 0x000000070b400000, 0x000000070b400000| Untracked 
| 135|0x000000070b500000, 0x000000070b500000, 0x000000070b600000|  0%| F|  |TAMS 0x000000070b500000, 0x000000070b500000| Untracked 
| 136|0x000000070b600000, 0x000000070b600000, 0x000000070b700000|  0%| F|  |TAMS 0x000000070b600000, 0x000000070b600000| Untracked 
| 137|0x000000070b700000, 0x000000070b700000, 0x000000070b800000|  0%| F|  |TAMS 0x000000070b700000, 0x000000070b700000| Untracked 
| 138|0x000000070b800000, 0x000000070b800000, 0x000000070b900000|  0%| F|  |TAMS 0x000000070b800000, 0x000000070b800000| Untracked 
| 139|0x000000070b900000, 0x000000070b900000, 0x000000070ba00000|  0%| F|  |TAMS 0x000000070b900000, 0x000000070b900000| Untracked 
| 140|0x000000070ba00000, 0x000000070ba00000, 0x000000070bb00000|  0%| F|  |TAMS 0x000000070ba00000, 0x000000070ba00000| Untracked 
| 141|0x000000070bb00000, 0x000000070bb00000, 0x000000070bc00000|  0%| F|  |TAMS 0x000000070bb00000, 0x000000070bb00000| Untracked 
| 142|0x000000070bc00000, 0x000000070bc00000, 0x000000070bd00000|  0%| F|  |TAMS 0x000000070bc00000, 0x000000070bc00000| Untracked 
| 143|0x000000070bd00000, 0x000000070bd00000, 0x000000070be00000|  0%| F|  |TAMS 0x000000070bd00000, 0x000000070bd00000| Untracked 
| 144|0x000000070be00000, 0x000000070be00000, 0x000000070bf00000|  0%| F|  |TAMS 0x000000070be00000, 0x000000070be00000| Untracked 
| 145|0x000000070bf00000, 0x000000070bf00000, 0x000000070c000000|  0%| F|  |TAMS 0x000000070bf00000, 0x000000070bf00000| Untracked 
| 146|0x000000070c000000, 0x000000070c000000, 0x000000070c100000|  0%| F|  |TAMS 0x000000070c000000, 0x000000070c000000| Untracked 
| 147|0x000000070c100000, 0x000000070c100000, 0x000000070c200000|  0%| F|  |TAMS 0x000000070c100000, 0x000000070c100000| Untracked 
| 148|0x000000070c200000, 0x000000070c200000, 0x000000070c300000|  0%| F|  |TAMS 0x000000070c200000, 0x000000070c200000| Untracked 
| 149|0x000000070c300000, 0x000000070c300000, 0x000000070c400000|  0%| F|  |TAMS 0x000000070c300000, 0x000000070c300000| Untracked 
| 150|0x000000070c400000, 0x000000070c400000, 0x000000070c500000|  0%| F|  |TAMS 0x000000070c400000, 0x000000070c400000| Untracked 
| 151|0x000000070c500000, 0x000000070c500000, 0x000000070c600000|  0%| F|  |TAMS 0x000000070c500000, 0x000000070c500000| Untracked 
| 152|0x000000070c600000, 0x000000070c600000, 0x000000070c700000|  0%| F|  |TAMS 0x000000070c600000, 0x000000070c600000| Untracked 
| 153|0x000000070c700000, 0x000000070c700000, 0x000000070c800000|  0%| F|  |TAMS 0x000000070c700000, 0x000000070c700000| Untracked 
| 154|0x000000070c800000, 0x000000070c800000, 0x000000070c900000|  0%| F|  |TAMS 0x000000070c800000, 0x000000070c800000| Untracked 
| 155|0x000000070c900000, 0x000000070c900000, 0x000000070ca00000|  0%| F|  |TAMS 0x000000070c900000, 0x000000070c900000| Untracked 
| 156|0x000000070ca00000, 0x000000070ca00000, 0x000000070cb00000|  0%| F|  |TAMS 0x000000070ca00000, 0x000000070ca00000| Untracked 
| 157|0x000000070cb00000, 0x000000070cb00000, 0x000000070cc00000|  0%| F|  |TAMS 0x000000070cb00000, 0x000000070cb00000| Untracked 
| 158|0x000000070cc00000, 0x000000070cc00000, 0x000000070cd00000|  0%| F|  |TAMS 0x000000070cc00000, 0x000000070cc00000| Untracked 
| 159|0x000000070cd00000, 0x000000070cd00000, 0x000000070ce00000|  0%| F|  |TAMS 0x000000070cd00000, 0x000000070cd00000| Untracked 
| 160|0x000000070ce00000, 0x000000070ce00000, 0x000000070cf00000|  0%| F|  |TAMS 0x000000070ce00000, 0x000000070ce00000| Untracked 
| 161|0x000000070cf00000, 0x000000070cf00000, 0x000000070d000000|  0%| F|  |TAMS 0x000000070cf00000, 0x000000070cf00000| Untracked 
| 162|0x000000070d000000, 0x000000070d000000, 0x000000070d100000|  0%| F|  |TAMS 0x000000070d000000, 0x000000070d000000| Untracked 
| 163|0x000000070d100000, 0x000000070d100000, 0x000000070d200000|  0%| F|  |TAMS 0x000000070d100000, 0x000000070d100000| Untracked 
| 164|0x000000070d200000, 0x000000070d200000, 0x000000070d300000|  0%| F|  |TAMS 0x000000070d200000, 0x000000070d200000| Untracked 
| 165|0x000000070d300000, 0x000000070d300000, 0x000000070d400000|  0%| F|  |TAMS 0x000000070d300000, 0x000000070d300000| Untracked 
| 166|0x000000070d400000, 0x000000070d400000, 0x000000070d500000|  0%| F|  |TAMS 0x000000070d400000, 0x000000070d400000| Untracked 
| 167|0x000000070d500000, 0x000000070d500000, 0x000000070d600000|  0%| F|  |TAMS 0x000000070d500000, 0x000000070d500000| Untracked 
| 168|0x000000070d600000, 0x000000070d600000, 0x000000070d700000|  0%| F|  |TAMS 0x000000070d600000, 0x000000070d600000| Untracked 
| 169|0x000000070d700000, 0x000000070d700000, 0x000000070d800000|  0%| F|  |TAMS 0x000000070d700000, 0x000000070d700000| Untracked 
| 170|0x000000070d800000, 0x000000070d800000, 0x000000070d900000|  0%| F|  |TAMS 0x000000070d800000, 0x000000070d800000| Untracked 
| 171|0x000000070d900000, 0x000000070d900000, 0x000000070da00000|  0%| F|  |TAMS 0x000000070d900000, 0x000000070d900000| Untracked 
| 172|0x000000070da00000, 0x000000070da00000, 0x000000070db00000|  0%| F|  |TAMS 0x000000070da00000, 0x000000070da00000| Untracked 
| 173|0x000000070db00000, 0x000000070db00000, 0x000000070dc00000|  0%| F|  |TAMS 0x000000070db00000, 0x000000070db00000| Untracked 
| 174|0x000000070dc00000, 0x000000070dc00000, 0x000000070dd00000|  0%| F|  |TAMS 0x000000070dc00000, 0x000000070dc00000| Untracked 
| 175|0x000000070dd00000, 0x000000070dd00000, 0x000000070de00000|  0%| F|  |TAMS 0x000000070dd00000, 0x000000070dd00000| Untracked 
| 176|0x000000070de00000, 0x000000070de00000, 0x000000070df00000|  0%| F|  |TAMS 0x000000070de00000, 0x000000070de00000| Untracked 
| 177|0x000000070df00000, 0x000000070df00000, 0x000000070e000000|  0%| F|  |TAMS 0x000000070df00000, 0x000000070df00000| Untracked 
| 178|0x000000070e000000, 0x000000070e000000, 0x000000070e100000|  0%| F|  |TAMS 0x000000070e000000, 0x000000070e000000| Untracked 
| 179|0x000000070e100000, 0x000000070e100000, 0x000000070e200000|  0%| F|  |TAMS 0x000000070e100000, 0x000000070e100000| Untracked 
| 180|0x000000070e200000, 0x000000070e200000, 0x000000070e300000|  0%| F|  |TAMS 0x000000070e200000, 0x000000070e200000| Untracked 
| 181|0x000000070e300000, 0x000000070e300000, 0x000000070e400000|  0%| F|  |TAMS 0x000000070e300000, 0x000000070e300000| Untracked 
| 182|0x000000070e400000, 0x000000070e400000, 0x000000070e500000|  0%| F|  |TAMS 0x000000070e400000, 0x000000070e400000| Untracked 
| 183|0x000000070e500000, 0x000000070e500000, 0x000000070e600000|  0%| F|  |TAMS 0x000000070e500000, 0x000000070e500000| Untracked 
| 184|0x000000070e600000, 0x000000070e600000, 0x000000070e700000|  0%| F|  |TAMS 0x000000070e600000, 0x000000070e600000| Untracked 
| 185|0x000000070e700000, 0x000000070e700000, 0x000000070e800000|  0%| F|  |TAMS 0x000000070e700000, 0x000000070e700000| Untracked 
| 186|0x000000070e800000, 0x000000070e800000, 0x000000070e900000|  0%| F|  |TAMS 0x000000070e800000, 0x000000070e800000| Untracked 
| 187|0x000000070e900000, 0x000000070e900000, 0x000000070ea00000|  0%| F|  |TAMS 0x000000070e900000, 0x000000070e900000| Untracked 
| 188|0x000000070ea00000, 0x000000070ea00000, 0x000000070eb00000|  0%| F|  |TAMS 0x000000070ea00000, 0x000000070ea00000| Untracked 
| 189|0x000000070eb00000, 0x000000070eb00000, 0x000000070ec00000|  0%| F|  |TAMS 0x000000070eb00000, 0x000000070eb00000| Untracked 
| 190|0x000000070ec00000, 0x000000070ec00000, 0x000000070ed00000|  0%| F|  |TAMS 0x000000070ec00000, 0x000000070ec00000| Untracked 
| 191|0x000000070ed00000, 0x000000070ed00000, 0x000000070ee00000|  0%| F|  |TAMS 0x000000070ed00000, 0x000000070ed00000| Untracked 
| 192|0x000000070ee00000, 0x000000070ee00000, 0x000000070ef00000|  0%| F|  |TAMS 0x000000070ee00000, 0x000000070ee00000| Untracked 
| 193|0x000000070ef00000, 0x000000070ef00000, 0x000000070f000000|  0%| F|  |TAMS 0x000000070ef00000, 0x000000070ef00000| Untracked 
| 194|0x000000070f000000, 0x000000070f000000, 0x000000070f100000|  0%| F|  |TAMS 0x000000070f000000, 0x000000070f000000| Untracked 
| 195|0x000000070f100000, 0x000000070f100000, 0x000000070f200000|  0%| F|  |TAMS 0x000000070f100000, 0x000000070f100000| Untracked 
| 196|0x000000070f200000, 0x000000070f200000, 0x000000070f300000|  0%| F|  |TAMS 0x000000070f200000, 0x000000070f200000| Untracked 
| 197|0x000000070f300000, 0x000000070f300000, 0x000000070f400000|  0%| F|  |TAMS 0x000000070f300000, 0x000000070f300000| Untracked 
| 198|0x000000070f400000, 0x000000070f400000, 0x000000070f500000|  0%| F|  |TAMS 0x000000070f400000, 0x000000070f400000| Untracked 
| 199|0x000000070f500000, 0x000000070f500000, 0x000000070f600000|  0%| F|  |TAMS 0x000000070f500000, 0x000000070f500000| Untracked 
| 200|0x000000070f600000, 0x000000070f600000, 0x000000070f700000|  0%| F|  |TAMS 0x000000070f600000, 0x000000070f600000| Untracked 
| 201|0x000000070f700000, 0x000000070f700000, 0x000000070f800000|  0%| F|  |TAMS 0x000000070f700000, 0x000000070f700000| Untracked 
| 202|0x000000070f800000, 0x000000070f800000, 0x000000070f900000|  0%| F|  |TAMS 0x000000070f800000, 0x000000070f800000| Untracked 
| 203|0x000000070f900000, 0x000000070f900000, 0x000000070fa00000|  0%| F|  |TAMS 0x000000070f900000, 0x000000070f900000| Untracked 
| 204|0x000000070fa00000, 0x000000070fa00000, 0x000000070fb00000|  0%| F|  |TAMS 0x000000070fa00000, 0x000000070fa00000| Untracked 
| 205|0x000000070fb00000, 0x000000070fb00000, 0x000000070fc00000|  0%| F|  |TAMS 0x000000070fb00000, 0x000000070fb00000| Untracked 
| 206|0x000000070fc00000, 0x000000070fc00000, 0x000000070fd00000|  0%| F|  |TAMS 0x000000070fc00000, 0x000000070fc00000| Untracked 
| 207|0x000000070fd00000, 0x000000070fd00000, 0x000000070fe00000|  0%| F|  |TAMS 0x000000070fd00000, 0x000000070fd00000| Untracked 
| 208|0x000000070fe00000, 0x000000070fe00000, 0x000000070ff00000|  0%| F|  |TAMS 0x000000070fe00000, 0x000000070fe00000| Untracked 
| 209|0x000000070ff00000, 0x000000070ff00000, 0x0000000710000000|  0%| F|  |TAMS 0x000000070ff00000, 0x000000070ff00000| Untracked 
| 210|0x0000000710000000, 0x0000000710000000, 0x0000000710100000|  0%| F|  |TAMS 0x0000000710000000, 0x0000000710000000| Untracked 
| 211|0x0000000710100000, 0x0000000710100000, 0x0000000710200000|  0%| F|  |TAMS 0x0000000710100000, 0x0000000710100000| Untracked 
| 212|0x0000000710200000, 0x0000000710200000, 0x0000000710300000|  0%| F|  |TAMS 0x0000000710200000, 0x0000000710200000| Untracked 
| 213|0x0000000710300000, 0x0000000710300000, 0x0000000710400000|  0%| F|  |TAMS 0x0000000710300000, 0x0000000710300000| Untracked 
| 214|0x0000000710400000, 0x0000000710400000, 0x0000000710500000|  0%| F|  |TAMS 0x0000000710400000, 0x0000000710400000| Untracked 
| 215|0x0000000710500000, 0x0000000710500000, 0x0000000710600000|  0%| F|  |TAMS 0x0000000710500000, 0x0000000710500000| Untracked 
| 216|0x0000000710600000, 0x0000000710600000, 0x0000000710700000|  0%| F|  |TAMS 0x0000000710600000, 0x0000000710600000| Untracked 
| 217|0x0000000710700000, 0x0000000710700000, 0x0000000710800000|  0%| F|  |TAMS 0x0000000710700000, 0x0000000710700000| Untracked 
| 218|0x0000000710800000, 0x0000000710800000, 0x0000000710900000|  0%| F|  |TAMS 0x0000000710800000, 0x0000000710800000| Untracked 
| 219|0x0000000710900000, 0x0000000710900000, 0x0000000710a00000|  0%| F|  |TAMS 0x0000000710900000, 0x0000000710900000| Untracked 
| 220|0x0000000710a00000, 0x0000000710a00000, 0x0000000710b00000|  0%| F|  |TAMS 0x0000000710a00000, 0x0000000710a00000| Untracked 
| 221|0x0000000710b00000, 0x0000000710b00000, 0x0000000710c00000|  0%| F|  |TAMS 0x0000000710b00000, 0x0000000710b00000| Untracked 
| 222|0x0000000710c00000, 0x0000000710c00000, 0x0000000710d00000|  0%| F|  |TAMS 0x0000000710c00000, 0x0000000710c00000| Untracked 
| 223|0x0000000710d00000, 0x0000000710d00000, 0x0000000710e00000|  0%| F|  |TAMS 0x0000000710d00000, 0x0000000710d00000| Untracked 
| 224|0x0000000710e00000, 0x0000000710e00000, 0x0000000710f00000|  0%| F|  |TAMS 0x0000000710e00000, 0x0000000710e00000| Untracked 
| 225|0x0000000710f00000, 0x0000000710f00000, 0x0000000711000000|  0%| F|  |TAMS 0x0000000710f00000, 0x0000000710f00000| Untracked 
| 226|0x0000000711000000, 0x0000000711000000, 0x0000000711100000|  0%| F|  |TAMS 0x0000000711000000, 0x0000000711000000| Untracked 
| 227|0x0000000711100000, 0x0000000711100000, 0x0000000711200000|  0%| F|  |TAMS 0x0000000711100000, 0x0000000711100000| Untracked 
| 228|0x0000000711200000, 0x0000000711200000, 0x0000000711300000|  0%| F|  |TAMS 0x0000000711200000, 0x0000000711200000| Untracked 
| 229|0x0000000711300000, 0x0000000711300000, 0x0000000711400000|  0%| F|  |TAMS 0x0000000711300000, 0x0000000711300000| Untracked 
| 230|0x0000000711400000, 0x0000000711400000, 0x0000000711500000|  0%| F|  |TAMS 0x0000000711400000, 0x0000000711400000| Untracked 
| 231|0x0000000711500000, 0x0000000711500000, 0x0000000711600000|  0%| F|  |TAMS 0x0000000711500000, 0x0000000711500000| Untracked 
| 232|0x0000000711600000, 0x0000000711600000, 0x0000000711700000|  0%| F|  |TAMS 0x0000000711600000, 0x0000000711600000| Untracked 
| 233|0x0000000711700000, 0x0000000711700000, 0x0000000711800000|  0%| F|  |TAMS 0x0000000711700000, 0x0000000711700000| Untracked 
| 234|0x0000000711800000, 0x0000000711800000, 0x0000000711900000|  0%| F|  |TAMS 0x0000000711800000, 0x0000000711800000| Untracked 
| 235|0x0000000711900000, 0x0000000711900000, 0x0000000711a00000|  0%| F|  |TAMS 0x0000000711900000, 0x0000000711900000| Untracked 
| 236|0x0000000711a00000, 0x0000000711a00000, 0x0000000711b00000|  0%| F|  |TAMS 0x0000000711a00000, 0x0000000711a00000| Untracked 
| 237|0x0000000711b00000, 0x0000000711bf6590, 0x0000000711c00000| 96%| E|  |TAMS 0x0000000711b00000, 0x0000000711b00000| Complete 
| 238|0x0000000711c00000, 0x0000000711d00000, 0x0000000711d00000|100%| E|CS|TAMS 0x0000000711c00000, 0x0000000711c00000| Complete 
| 239|0x0000000711d00000, 0x0000000711e00000, 0x0000000711e00000|100%| E|CS|TAMS 0x0000000711d00000, 0x0000000711d00000| Complete 
| 240|0x0000000711e00000, 0x0000000711f00000, 0x0000000711f00000|100%| E|CS|TAMS 0x0000000711e00000, 0x0000000711e00000| Complete 
| 241|0x0000000711f00000, 0x0000000712000000, 0x0000000712000000|100%| E|CS|TAMS 0x0000000711f00000, 0x0000000711f00000| Complete 
| 242|0x0000000712000000, 0x0000000712100000, 0x0000000712100000|100%| E|CS|TAMS 0x0000000712000000, 0x0000000712000000| Complete 
| 243|0x0000000712100000, 0x0000000712200000, 0x0000000712200000|100%| E|CS|TAMS 0x0000000712100000, 0x0000000712100000| Complete 
| 244|0x0000000712200000, 0x0000000712300000, 0x0000000712300000|100%| E|CS|TAMS 0x0000000712200000, 0x0000000712200000| Complete 
| 245|0x0000000712300000, 0x0000000712400000, 0x0000000712400000|100%| E|CS|TAMS 0x0000000712300000, 0x0000000712300000| Complete 
| 246|0x0000000712400000, 0x0000000712500000, 0x0000000712500000|100%| E|CS|TAMS 0x0000000712400000, 0x0000000712400000| Complete 
| 247|0x0000000712500000, 0x0000000712600000, 0x0000000712600000|100%| E|CS|TAMS 0x0000000712500000, 0x0000000712500000| Complete 
| 248|0x0000000712600000, 0x0000000712700000, 0x0000000712700000|100%| E|CS|TAMS 0x0000000712600000, 0x0000000712600000| Complete 
| 249|0x0000000712700000, 0x0000000712800000, 0x0000000712800000|100%| E|CS|TAMS 0x0000000712700000, 0x0000000712700000| Complete 
| 250|0x0000000712800000, 0x0000000712900000, 0x0000000712900000|100%| E|CS|TAMS 0x0000000712800000, 0x0000000712800000| Complete 
| 251|0x0000000712900000, 0x0000000712a00000, 0x0000000712a00000|100%| E|CS|TAMS 0x0000000712900000, 0x0000000712900000| Complete 
| 252|0x0000000712a00000, 0x0000000712b00000, 0x0000000712b00000|100%| E|  |TAMS 0x0000000712a00000, 0x0000000712a00000| Complete 
| 253|0x0000000712b00000, 0x0000000712c00000, 0x0000000712c00000|100%| E|CS|TAMS 0x0000000712b00000, 0x0000000712b00000| Complete 

Card table byte_map: [0x000001d6ee1a0000,0x000001d6ee990000] _byte_map_base: 0x000001d6ea989000

Marking Bits (Prev, Next): (CMBitMap*) 0x000001d6d40cac98, (CMBitMap*) 0x000001d6d40cacd8
 Prev Bits: [0x000001d6ef180000, 0x000001d6f30c8000)
 Next Bits: [0x000001d6f30d0000, 0x000001d6f7018000)

Polling page: 0x000001d6d3e20000

Metaspace:

Usage:
  Non-class:      5.12 MB capacity,     4.19 MB ( 82%) used,   948.42 KB ( 18%) free+waste,     7.63 KB ( <1%) overhead. 
      Class:    574.00 KB capacity,   491.55 KB ( 86%) used,    78.57 KB ( 14%) free+waste,     3.88 KB ( <1%) overhead. 
       Both:      5.68 MB capacity,     4.67 MB ( 82%) used,     1.00 MB ( 18%) free+waste,    11.50 KB ( <1%) overhead. 

Virtual space:
  Non-class space:        8.00 MB reserved,       5.25 MB ( 66%) committed 
      Class space:        1.00 GB reserved,     640.00 KB ( <1%) committed 
             Both:        1.01 GB reserved,       5.88 MB ( <1%) committed 

Chunk freelists:
   Non-Class:  2.00 KB
       Class:  2.00 KB
        Both:  4.00 KB

MaxMetaspaceSize: 17179869184.00 GB
CompressedClassSpaceSize: 1.00 GB

CodeHeap 'non-profiled nmethods': size=120000Kb used=423Kb max_used=423Kb free=119576Kb
 bounds [0x000001d6e5800000, 0x000001d6e5a70000, 0x000001d6ecd30000]
CodeHeap 'profiled nmethods': size=120000Kb used=1745Kb max_used=1745Kb free=118254Kb
 bounds [0x000001d6de2d0000, 0x000001d6de540000, 0x000001d6e5800000]
CodeHeap 'non-nmethods': size=5760Kb used=1235Kb max_used=1299Kb free=4525Kb
 bounds [0x000001d6ddd30000, 0x000001d6ddfa0000, 0x000001d6de2d0000]
 total_blobs=1716 nmethods=823 adapters=310
 compilation: enabled
              stopped_count=0, restarted_count=0
 full_count=0

Compilation events (20 events):
Event: 0.598 Thread 0x000001d6fa687000  818       3       java.lang.Character::equals (29 bytes)
Event: 0.598 Thread 0x000001d6fa687000 nmethod 818 0x000001d6de47c190 code [0x000001d6de47c340, 0x000001d6de47c7b8]
Event: 0.598 Thread 0x000001d6fa687000  816       3       org.eclipse.jdt.launching.internal.org.objectweb.asm.ClassVisitor::visitField (24 bytes)
Event: 0.598 Thread 0x000001d6fa687000 nmethod 816 0x000001d6de47c890 code [0x000001d6de47ca40, 0x000001d6de47cd30]
Event: 0.598 Thread 0x000001d6fa687000  817       3       org.eclipse.jdt.launching.internal.org.objectweb.asm.FieldWriter::computeFieldInfoSize (86 bytes)
Event: 0.598 Thread 0x000001d6fa687000 nmethod 817 0x000001d6de47ce10 code [0x000001d6de47d000, 0x000001d6de47d400]
Event: 0.598 Thread 0x000001d6fa687000  819       3       java.net.URL::toExternalForm (9 bytes)
Event: 0.598 Thread 0x000001d6fa687000 nmethod 819 0x000001d6de47d590 code [0x000001d6de47d740, 0x000001d6de47d990]
Event: 0.598 Thread 0x000001d6fa687000  820       3       java.net.URLStreamHandler::toExternalForm (156 bytes)
Event: 0.600 Thread 0x000001d6fa687000 nmethod 820 0x000001d6de47da90 code [0x000001d6de47df40, 0x000001d6de4800e0]
Event: 0.602 Thread 0x000001d6fa686800 nmethod 811 0x000001d6e584f290 code [0x000001d6e584f480, 0x000001d6e5850278]
Event: 0.604 Thread 0x000001d6fa686800  821       4       java.lang.StringLatin1::inflate (34 bytes)
Event: 0.609 Thread 0x000001d6fa686800 nmethod 821 0x000001d6e5850a10 code [0x000001d6e5850ba0, 0x000001d6e5850f78]
Event: 1.107 Thread 0x000001d6fb525800 nmethod 809 0x000001d6e5851110 code [0x000001d6e58519e0, 0x000001d6e5860100]
Event: 842.244 Thread 0x000001d6fa686800  822       4       org.eclipse.jdt.launching.internal.org.objectweb.asm.ByteVector::putInt (74 bytes)
Event: 842.249 Thread 0x000001d6fa686800 nmethod 822 0x000001d6e5869990 code [0x000001d6e5869b20, 0x000001d6e5869d88]
Event: 1384.390 Thread 0x000001d6fa687000  823       3       org.eclipse.jdt.launching.internal.org.objectweb.asm.ClassReader::readVerificationTypeInfo (184 bytes)
Event: 1384.393 Thread 0x000001d6fa687000 nmethod 823 0x000001d6de480b90 code [0x000001d6de480ee0, 0x000001d6de482cf0]
Event: 1384.393 Thread 0x000001d6fa687000  824       3       org.eclipse.jdt.launching.internal.org.objectweb.asm.MethodWriter::putFrameType (83 bytes)
Event: 1384.394 Thread 0x000001d6fa687000 nmethod 824 0x000001d6de483690 code [0x000001d6de4838e0, 0x000001d6de484300]

GC Heap History (0 events):
No events

Deoptimization events (20 events):
Event: 0.496 Thread 0x000001d6d405e800 Uncommon trap: trap_request=0xffffff45 fr.pc=0x000001d6e5805d8c relative=0x000000000000006c
Event: 0.496 Thread 0x000001d6d405e800 Uncommon trap: reason=unstable_if action=reinterpret pc=0x000001d6e5805d8c method=java.lang.String.isLatin1()Z @ 10 c2
Event: 0.496 Thread 0x000001d6d405e800 DEOPT PACKING pc=0x000001d6e5805d8c sp=0x0000009b3dbfc050
Event: 0.496 Thread 0x000001d6d405e800 DEOPT UNPACKING pc=0x000001d6ddd7912f sp=0x0000009b3dbfbff0 mode 2
Event: 0.499 Thread 0x000001d6d405e800 Uncommon trap: trap_request=0xffffff45 fr.pc=0x000001d6e5816164 relative=0x0000000000000044
Event: 0.499 Thread 0x000001d6d405e800 Uncommon trap: reason=unstable_if action=reinterpret pc=0x000001d6e5816164 method=java.lang.CharacterData.of(I)Ljava/lang/CharacterData; @ 4 c2
Event: 0.499 Thread 0x000001d6d405e800 DEOPT PACKING pc=0x000001d6e5816164 sp=0x0000009b3dbfe630
Event: 0.499 Thread 0x000001d6d405e800 DEOPT UNPACKING pc=0x000001d6ddd7912f sp=0x0000009b3dbfe5d0 mode 2
Event: 0.526 Thread 0x000001d6d405e800 Uncommon trap: trap_request=0xffffff45 fr.pc=0x000001d6e5827c0c relative=0x000000000000016c
Event: 0.526 Thread 0x000001d6d405e800 Uncommon trap: reason=unstable_if action=reinterpret pc=0x000001d6e5827c0c method=java.math.BigInteger.addOne([IIII)I @ 55 c2
Event: 0.526 Thread 0x000001d6d405e800 DEOPT PACKING pc=0x000001d6e5827c0c sp=0x0000009b3dbf8550
Event: 0.526 Thread 0x000001d6d405e800 DEOPT UNPACKING pc=0x000001d6ddd7912f sp=0x0000009b3dbf8500 mode 2
Event: 0.556 Thread 0x000001d6d405e800 Uncommon trap: trap_request=0xffffffde fr.pc=0x000001d6e583d76c relative=0x00000000000016ac
Event: 0.556 Thread 0x000001d6d405e800 Uncommon trap: reason=class_check action=maybe_recompile pc=0x000001d6e583d76c method=java.util.HashMap.putVal(ILjava/lang/Object;Ljava/lang/Object;ZZ)Ljava/lang/Object; @ 253 c2
Event: 0.556 Thread 0x000001d6d405e800 DEOPT PACKING pc=0x000001d6e583d76c sp=0x0000009b3dbfe5c0
Event: 0.556 Thread 0x000001d6d405e800 DEOPT UNPACKING pc=0x000001d6ddd7912f sp=0x0000009b3dbfe548 mode 2
Event: 0.592 Thread 0x000001d6d405e800 DEOPT PACKING pc=0x000001d6de403beb sp=0x0000009b3dbf7780
Event: 0.592 Thread 0x000001d6d405e800 DEOPT UNPACKING pc=0x000001d6ddd7964e sp=0x0000009b3dbf6cc8 mode 0
Event: 0.604 Thread 0x000001d6d405e800 DEOPT PACKING pc=0x000001d6de34c93b sp=0x0000009b3dbfcaa0
Event: 0.604 Thread 0x000001d6d405e800 DEOPT UNPACKING pc=0x000001d6ddd7964e sp=0x0000009b3dbfbf18 mode 0

Classes unloaded (0 events):
No events

Classes redefined (9 events):
Event: 477.532 Thread 0x000001d6fa663000 redefined class name=visitor.TypeCheckingVisitor, count=1
Event: 842.246 Thread 0x000001d6fa663000 redefined class name=visitor.TypeCheckingVisitor, count=2
Event: 892.554 Thread 0x000001d6fa663000 redefined class name=test.TestVisitor, count=1
Event: 1133.964 Thread 0x000001d6fa663000 redefined class name=visitor.TypeCheckingVisitor, count=3
Event: 1249.209 Thread 0x000001d6fa663000 redefined class name=visitor.TypeCheckingVisitor, count=4
Event: 1384.391 Thread 0x000001d6fa663000 redefined class name=test.TestVisitor, count=2
Event: 1403.960 Thread 0x000001d6fa663000 redefined class name=test.TestVisitor, count=3
Event: 1443.236 Thread 0x000001d6fa663000 redefined class name=test.TestVisitor, count=4
Event: 1624.152 Thread 0x000001d6fa663000 redefined class name=test.TestVisitor, count=5

Internal exceptions (2 events):
Event: 0.551 Thread 0x000001d6d405e800 Exception <a 'java/lang/IncompatibleClassChangeError'{0x0000000711fd1bf8}: Found class java.lang.Object, but interface was expected> (0x0000000711fd1bf8) 
thrown [t:/workspace/open/src/hotspot/share/interpreter/linkResolver.cpp, line 833]
Event: 0.569 Thread 0x000001d6d405e800 Exception <a 'java/lang/NoSuchMethodError'{0x0000000711d194d8}: 'int java.lang.invoke.DirectMethodHandle$Holder.invokeSpecialIFC(java.lang.Object, java.lang.Object, int)'> (0x0000000711d194d8) 
thrown [t:/workspace/open/src/hotspot/share/interpreter/linkResolver.cpp, line 767]

Events (20 events):
Event: 1643.406 Executing VM operation: GetCurrentContendedMonitor
Event: 1643.406 Executing VM operation: GetCurrentContendedMonitor done
Event: 1643.406 Executing VM operation: GetOwnedMonitorInfo
Event: 1643.406 Executing VM operation: GetOwnedMonitorInfo done
Event: 1643.970 Executing VM operation: GetCurrentContendedMonitor
Event: 1643.970 Executing VM operation: GetCurrentContendedMonitor done
Event: 1643.970 Executing VM operation: GetOwnedMonitorInfo
Event: 1643.970 Executing VM operation: GetOwnedMonitorInfo done
Event: 1644.355 Executing VM operation: GetFrameCount
Event: 1644.355 Executing VM operation: GetFrameCount done
Event: 1644.356 Executing VM operation: GetOwnedMonitorInfo
Event: 1644.356 Executing VM operation: GetOwnedMonitorInfo done
Event: 1644.356 Executing VM operation: GetCurrentContendedMonitor
Event: 1644.356 Executing VM operation: GetCurrentContendedMonitor done
Event: 1644.383 Executing VM operation: GetFrameLocation
Event: 1644.383 Executing VM operation: GetFrameLocation done
Event: 1644.383 Executing VM operation: get/set locals
Event: 1644.383 Executing VM operation: get/set locals done
Event: 1644.384 Executing VM operation: GetFrameLocation
Event: 1644.384 Executing VM operation: GetFrameLocation done


Dynamic libraries:
0x00007ff7e8410000 - 0x00007ff7e841f000 	C:\Program Files\Java\jdk-13.0.2\bin\javaw.exe
0x00007ffe95d80000 - 0x00007ffe95f70000 	C:\Windows\SYSTEM32\ntdll.dll
0x00007ffe93fd0000 - 0x00007ffe94082000 	C:\Windows\System32\KERNEL32.DLL
0x00007ffe938b0000 - 0x00007ffe93b53000 	C:\Windows\System32\KERNELBASE.dll
0x00007ffe935b0000 - 0x00007ffe936aa000 	C:\Windows\System32\ucrtbase.dll
0x00007ffe907a0000 - 0x00007ffe907b8000 	C:\Program Files\Java\jdk-13.0.2\bin\jli.dll
0x00007ffe8d030000 - 0x00007ffe8d045000 	C:\Program Files\Java\jdk-13.0.2\bin\VCRUNTIME140.dll
0x00007ffe942c0000 - 0x00007ffe94363000 	C:\Windows\System32\ADVAPI32.dll
0x00007ffe95050000 - 0x00007ffe950ee000 	C:\Windows\System32\msvcrt.dll
0x00007ffe95990000 - 0x00007ffe95a27000 	C:\Windows\System32\sechost.dll
0x00007ffe94ae0000 - 0x00007ffe94c00000 	C:\Windows\System32\RPCRT4.dll
0x00007ffe93e30000 - 0x00007ffe93fc4000 	C:\Windows\System32\USER32.dll
0x00007ffe760a0000 - 0x00007ffe76325000 	C:\Windows\WinSxS\amd64_microsoft.windows.common-controls_6595b64144ccf1df_6.0.18362.778_none_e6c6b761130d4fb8\COMCTL32.dll
0x00007ffe93e00000 - 0x00007ffe93e21000 	C:\Windows\System32\win32u.dll
0x00007ffe94d50000 - 0x00007ffe94d76000 	C:\Windows\System32\GDI32.dll
0x00007ffe95650000 - 0x00007ffe95986000 	C:\Windows\System32\combase.dll
0x00007ffe93d80000 - 0x00007ffe93e00000 	C:\Windows\System32\bcryptPrimitives.dll
0x00007ffe93b60000 - 0x00007ffe93cf4000 	C:\Windows\System32\gdi32full.dll
0x00007ffe92d10000 - 0x00007ffe92dae000 	C:\Windows\System32\msvcp_win.dll
0x00007ffe869e0000 - 0x00007ffe869ea000 	C:\Windows\SYSTEM32\VERSION.dll
0x00007ffe950f0000 - 0x00007ffe9511e000 	C:\Windows\System32\IMM32.DLL
0x00007ffe76790000 - 0x00007ffe7682b000 	C:\Program Files\Java\jdk-13.0.2\bin\msvcp140.dll
0x00007ffe0ee50000 - 0x00007ffe0f9ad000 	C:\Program Files\Java\jdk-13.0.2\bin\server\jvm.dll
0x00007ffe94090000 - 0x00007ffe94098000 	C:\Windows\System32\PSAPI.DLL
0x00007ffe74ef0000 - 0x00007ffe74ef9000 	C:\Windows\SYSTEM32\WSOCK32.dll
0x00007ffe8cde0000 - 0x00007ffe8ce04000 	C:\Windows\SYSTEM32\WINMM.dll
0x00007ffe94f00000 - 0x00007ffe94f6f000 	C:\Windows\System32\WS2_32.dll
0x00007ffe8cdb0000 - 0x00007ffe8cddd000 	C:\Windows\SYSTEM32\WINMMBASE.dll
0x00007ffe93d30000 - 0x00007ffe93d7a000 	C:\Windows\System32\cfgmgr32.dll
0x00007ffe92ca0000 - 0x00007ffe92cb1000 	C:\Windows\System32\kernel.appcore.dll
0x00007ffe7c070000 - 0x00007ffe7c080000 	C:\Program Files\Java\jdk-13.0.2\bin\verify.dll
0x00007ffe913b0000 - 0x00007ffe915a4000 	C:\Windows\SYSTEM32\DBGHELP.DLL
0x00007ffe73090000 - 0x00007ffe730ba000 	C:\Windows\SYSTEM32\dbgcore.DLL
0x00007ffe33ef0000 - 0x00007ffe33f16000 	C:\Program Files\Java\jdk-13.0.2\bin\java.dll
0x00007ffe827d0000 - 0x00007ffe82808000 	C:\Program Files\Java\jdk-13.0.2\bin\jdwp.dll
0x00007ffe90820000 - 0x00007ffe9082e000 	C:\Program Files\Java\jdk-13.0.2\bin\instrument.dll
0x00007ffe5b3a0000 - 0x00007ffe5b3b7000 	C:\Program Files\Java\jdk-13.0.2\bin\zip.dll
0x00007ffe7bf20000 - 0x00007ffe7bf2a000 	C:\Program Files\Java\jdk-13.0.2\bin\jimage.dll
0x00007ffe94370000 - 0x00007ffe94a55000 	C:\Windows\System32\SHELL32.dll
0x00007ffe95c90000 - 0x00007ffe95d39000 	C:\Windows\System32\shcore.dll
0x00007ffe92db0000 - 0x00007ffe93530000 	C:\Windows\System32\windows.storage.dll
0x00007ffe92ce0000 - 0x00007ffe92d03000 	C:\Windows\System32\profapi.dll
0x00007ffe92c50000 - 0x00007ffe92c9a000 	C:\Windows\System32\powrprof.dll
0x00007ffe92c40000 - 0x00007ffe92c50000 	C:\Windows\System32\UMPDC.dll
0x00007ffe95590000 - 0x00007ffe955e2000 	C:\Windows\System32\shlwapi.dll
0x00007ffe93590000 - 0x00007ffe935a7000 	C:\Windows\System32\cryptsp.dll
0x00007ffe8cff0000 - 0x00007ffe8cffb000 	C:\Program Files\Java\jdk-13.0.2\bin\dt_socket.dll
0x00007ffe924b0000 - 0x00007ffe92517000 	C:\Windows\system32\mswsock.dll
0x00007ffe92200000 - 0x00007ffe922ca000 	C:\Windows\SYSTEM32\DNSAPI.dll
0x00007ffe95040000 - 0x00007ffe95048000 	C:\Windows\System32\NSI.dll
0x00007ffe921c0000 - 0x00007ffe921fa000 	C:\Windows\SYSTEM32\IPHLPAPI.DLL
0x00007ffe8c170000 - 0x00007ffe8c17a000 	C:\Windows\System32\rasadhlp.dll
0x00007ffe8d230000 - 0x00007ffe8d2a7000 	C:\Windows\System32\fwpuclnt.dll
0x00007ffe93d00000 - 0x00007ffe93d26000 	C:\Windows\System32\bcrypt.dll
0x00007ffe554b0000 - 0x00007ffe554c9000 	C:\Program Files\Java\jdk-13.0.2\bin\net.dll
0x00007ffe8f380000 - 0x00007ffe8f470000 	C:\Windows\SYSTEM32\WINHTTP.dll
0x00007ffe547f0000 - 0x00007ffe54803000 	C:\Program Files\Java\jdk-13.0.2\bin\nio.dll
0x00007ffe8d100000 - 0x00007ffe8d116000 	C:\Windows\SYSTEM32\dhcpcsvc6.DLL
0x00007ffe8d060000 - 0x00007ffe8d07c000 	C:\Windows\SYSTEM32\dhcpcsvc.DLL

dbghelp: loaded successfully - version: 4.0.5 - missing functions: none
symbol engine: initialized successfully - sym options: 0x614 - pdb path: .;C:\Program Files\Java\jdk-13.0.2\bin;C:\Windows\SYSTEM32;C:\Windows\WinSxS\amd64_microsoft.windows.common-controls_6595b64144ccf1df_6.0.18362.778_none_e6c6b761130d4fb8;C:\Program Files\Java\jdk-13.0.2\bin\server

VM Arguments:
jvm_args: -agentlib:jdwp=transport=dt_socket,suspend=y,address=localhost:65176 -ea -javaagent:C:\Users\p.franzini\eclipse\java-2020-03\eclipse\configuration\org.eclipse.osgi\223\0\.cp\lib\javaagent-shaded.jar -Dfile.encoding=Cp1252 
java_command: org.eclipse.jdt.internal.junit.runner.RemoteTestRunner -version 3 -port 65175 -testLoaderClass org.eclipse.jdt.internal.junit4.runner.JUnit4TestLoader -loaderpluginname org.eclipse.jdt.junit4.runtime -test test.TestVisitor:testTypeCheckingConvert
java_class_path (initial): C:\Users\p.franzini\Google Drive\UPO\3ANNO\FONDAMENTI, LINGUAGGI E TRADUTTORI 2\Laboratorio\Compilatore\bin;C:\Users\p.franzini\.p2\pool\plugins\org.junit_4.13.0.v20200204-1500.jar;C:\Users\p.franzini\.p2\pool\plugins\org.hamcrest.core_1.3.0.v20180420-1519.jar;C:\Users\p.franzini\eclipse\java-2020-03\eclipse\configuration\org.eclipse.osgi\221\0\.cp;C:\Users\p.franzini\eclipse\java-2020-03\eclipse\configuration\org.eclipse.osgi\220\0\.cp
Launcher Type: SUN_STANDARD

[Global flags]
     intx CICompilerCount                          = 4                                         {product} {ergonomic}
     uint ConcGCThreads                            = 3                                         {product} {ergonomic}
     uint G1ConcRefinementThreads                  = 10                                        {product} {ergonomic}
   size_t G1HeapRegionSize                         = 1048576                                   {product} {ergonomic}
    uintx GCDrainStackTargetSize                   = 64                                        {product} {ergonomic}
   size_t InitialHeapSize                          = 266338304                                 {product} {ergonomic}
   size_t MarkStackSize                            = 4194304                                   {product} {ergonomic}
   size_t MaxHeapSize                              = 4246732800                                {product} {ergonomic}
   size_t MaxNewSize                               = 2548039680                                {product} {ergonomic}
   size_t MinHeapDeltaBytes                        = 1048576                                   {product} {ergonomic}
   size_t MinHeapSize                              = 8388608                                   {product} {ergonomic}
    uintx NonNMethodCodeHeapSize                   = 5839372                                {pd product} {ergonomic}
    uintx NonProfiledCodeHeapSize                  = 122909434                              {pd product} {ergonomic}
    uintx ProfiledCodeHeapSize                     = 122909434                              {pd product} {ergonomic}
    uintx ReservedCodeCacheSize                    = 251658240                              {pd product} {ergonomic}
     bool SegmentedCodeCache                       = true                                      {product} {ergonomic}
   size_t SoftMaxHeapSize                          = 4246732800                             {manageable} {ergonomic}
     bool UseCompressedClassPointers               = true                                 {lp64_product} {ergonomic}
     bool UseCompressedOops                        = true                                 {lp64_product} {ergonomic}
     bool UseG1GC                                  = true                                      {product} {ergonomic}
     bool UseLargePagesIndividualAllocation        = false                                  {pd product} {ergonomic}

Logging:
Log output configuration:
 #0: stdout all=warning uptime,level,tags
 #1: stderr all=off uptime,level,tags

Environment Variables:
PATH=C:/Program Files/Java/jdk-13.0.2/bin/server;C:/Program Files/Java/jdk-13.0.2/bin;C:\Windows\system32;C:\Windows;C:\Windows\System32\Wbem;C:\Windows\System32\WindowsPowerShell\v1.0\;C:\Windows\System32\OpenSSH\;C:\Program Files (x86)\NVIDIA Corporation\PhysX\Common;C:\Program Files\dotnet\;C:\Program Files\Microsoft SQL Server\130\Tools\Binn\;C:\Program Files\Microsoft SQL Server\Client SDK\ODBC\170\Tools\Binn\;C:\Program Files (x86)\Microsoft SQL Server\150\DTS\Binn\;C:\Program Files\Microsoft SQL Server\Client SDK\ODBC\130\Tools\Binn\;C:\Program Files (x86)\Microsoft SQL Server\140\Tools\Binn\;C:\Program Files\Microsoft SQL Server\140\Tools\Binn\;C:\Program Files\Microsoft SQL Server\140\DTS\Binn\;C:\Program Files\Microsoft\Web Platform Installer\;C:\Users\p.franzini\AppData\Local\Microsoft\WindowsApps;;C:\Users\p.franzini\AppData\Local\Programs\Microsoft VS Code\bin;C:\Users\p.franzini\.dotnet\tools;C:\Windows\System32;
USERNAME=p.franzini
OS=Windows_NT
PROCESSOR_IDENTIFIER=Intel64 Family 6 Model 158 Stepping 10, GenuineIntel



---------------  S Y S T E M  ---------------

OS: Windows 10 , 64 bit Build 18362 (10.0.18362.778)

CPU:total 12 (initial active 12) (6 cores per cpu, 2 threads per core) family 6 model 158 stepping 10, cmov, cx8, fxsr, mmx, sse, sse2, sse3, ssse3, sse4.1, sse4.2, popcnt, avx, avx2, aes, clmul, erms, 3dnowpref, lzcnt, ht, tsc, tscinvbit, bmi1, bmi2, adx, fma

Memory: 4k page, system-wide physical 16197M (8362M free)
TotalPageFile size 19909M (AvailPageFile size 6334M)
current process WorkingSet (physical memory assigned to process): 57M, peak: 110M
current process commit charge ("private bytes"): 355M, peak: 408M

vm_info: Java HotSpot(TM) 64-Bit Server VM (13.0.2+8) for windows-amd64 JRE (13.0.2+8), built on Dec 11 2019 09:20:33 by "mach5one" with unknown MS VC++:1916

END.
